{"level":"error","message":"Session Expired","timestamp":"2023-03-19T23:20:36.751Z"}
{"level":"error","message":"Session Expired","timestamp":"2023-03-19T23:20:36.985Z"}
{"level":"error","message":"Session Expired","timestamp":"2023-03-19T23:20:37.080Z"}
{"level":"error","message":"Session Expired","timestamp":"2023-03-19T23:20:45.117Z"}
{"level":"error","message":"Session Expired","timestamp":"2023-03-19T23:20:45.142Z"}
{"level":"error","message":"Session Expired","timestamp":"2023-03-19T23:20:45.253Z"}
{"level":"error","message":"Could not connect to any servers in your MongoDB Atlas cluster. One common reason is that you're trying to access the database from an IP that isn't whitelisted. Make sure your current IP address is on your Atlas cluster's IP whitelist: https://docs.atlas.mongodb.com/security-whitelist/","timestamp":"2023-03-20T02:56:22.539Z"}
{"level":"error","message":"Could not connect to any servers in your MongoDB Atlas cluster. One common reason is that you're trying to access the database from an IP that isn't whitelisted. Make sure your current IP address is on your Atlas cluster's IP whitelist: https://docs.atlas.mongodb.com/security-whitelist/","timestamp":"2023-03-20T02:56:22.555Z"}
{"level":"error","message":"Could not connect to any servers in your MongoDB Atlas cluster. One common reason is that you're trying to access the database from an IP that isn't whitelisted. Make sure your current IP address is on your Atlas cluster's IP whitelist: https://docs.atlas.mongodb.com/security-whitelist/","timestamp":"2023-03-20T02:56:22.582Z"}
{"level":"error","message":"Could not connect to any servers in your MongoDB Atlas cluster. One common reason is that you're trying to access the database from an IP that isn't whitelisted. Make sure your current IP address is on your Atlas cluster's IP whitelist: https://docs.atlas.mongodb.com/security-whitelist/","timestamp":"2023-03-20T02:56:22.632Z"}
{"level":"error","message":"Could not connect to any servers in your MongoDB Atlas cluster. One common reason is that you're trying to access the database from an IP that isn't whitelisted. Make sure your current IP address is on your Atlas cluster's IP whitelist: https://docs.atlas.mongodb.com/security-whitelist/","timestamp":"2023-03-20T02:56:22.641Z"}
{"level":"error","message":"Could not connect to any servers in your MongoDB Atlas cluster. One common reason is that you're trying to access the database from an IP that isn't whitelisted. Make sure your current IP address is on your Atlas cluster's IP whitelist: https://docs.atlas.mongodb.com/security-whitelist/","timestamp":"2023-03-20T02:56:22.648Z"}
{"level":"error","message":"Could not connect to any servers in your MongoDB Atlas cluster. One common reason is that you're trying to access the database from an IP that isn't whitelisted. Make sure your current IP address is on your Atlas cluster's IP whitelist: https://docs.atlas.mongodb.com/security-whitelist/","timestamp":"2023-03-20T02:56:31.790Z"}
{"level":"error","message":"Permission Denied","timestamp":"2023-03-20T03:30:18.964Z"}
{"level":"error","message":"Permission Denied","timestamp":"2023-03-20T03:30:19.505Z"}
{"level":"error","message":"WalletTransaction.save is not a function","timestamp":"2023-03-20T03:42:55.493Z"}
{"level":"error","message":"apiKeys is not defined","timestamp":"2023-03-24T16:46:43.513Z"}
{"level":"error","message":"apiKeys is not defined","timestamp":"2023-03-24T16:46:43.587Z"}
{"level":"error","message":"apiKeys is not defined","timestamp":"2023-03-24T16:47:41.604Z"}
{"level":"error","message":"apiKeys is not defined","timestamp":"2023-03-24T16:47:41.687Z"}
{"level":"error","message":"apiKeys is not defined","timestamp":"2023-03-24T16:48:53.107Z"}
{"level":"error","message":"apiKeys is not defined","timestamp":"2023-03-24T16:48:53.249Z"}
{"level":"error","message":"API Key Not Found","timestamp":"2023-03-24T17:57:31.516Z"}
{"level":"error","message":"API Key Not Found","timestamp":"2023-03-24T18:00:23.634Z"}
{"level":"error","message":"API Key Not Found","timestamp":"2023-03-24T18:00:35.320Z"}
{"level":"error","message":"\"expiresIn\" should be a number of seconds or string representing a timespan eg: \"1d\", \"20h\", 60","timestamp":"2023-03-24T18:38:13.586Z"}
{"level":"error","message":"\"expiresIn\" should be a number of seconds or string representing a timespan eg: \"1d\", \"20h\", 60","timestamp":"2023-03-24T18:39:45.213Z"}
{"level":"error","message":"expiryDate is not defined","timestamp":"2023-03-24T18:41:45.233Z"}
{"level":"error","message":"Template Not Found","timestamp":"2023-03-26T08:20:02.576Z"}
{"level":"error","message":"Missing API Key","timestamp":"2023-03-26T16:33:51.607Z"}
{"level":"error","message":"Missing API Key","timestamp":"2023-03-26T16:33:59.425Z"}
{"level":"error","message":"Missing API Key","timestamp":"2023-03-26T16:34:06.889Z"}
{"level":"error","message":"Missing API Key","timestamp":"2023-03-26T16:34:31.123Z"}
{"level":"error","message":"Missing API Key","timestamp":"2023-03-26T16:34:51.417Z"}
{"level":"error","message":"Resource not found","timestamp":"2023-03-26T16:57:49.097Z"}
{"level":"error","message":"Resource not found","timestamp":"2023-03-26T16:57:55.265Z"}
{"level":"error","message":"Resource not found","timestamp":"2023-03-26T16:57:59.420Z"}
{"level":"error","message":"Resource not found","timestamp":"2023-03-26T16:59:01.096Z"}
{"level":"error","message":"Resource not found","timestamp":"2023-03-26T17:01:32.734Z"}
{"level":"error","message":"Resource not found","timestamp":"2023-03-26T17:01:46.830Z"}
{"level":"error","message":"Resource not found","timestamp":"2023-03-26T17:02:08.253Z"}
{"level":"error","message":"Resource not found","timestamp":"2023-03-26T17:03:01.101Z"}
{"level":"error","message":"Resource not found","timestamp":"2023-03-26T17:04:27.610Z"}
{"level":"error","message":"Missing API Key","timestamp":"2023-03-26T17:50:26.304Z"}
{"level":"error","message":"ApiKey is not defined","timestamp":"2023-03-26T19:13:34.859Z"}
{"level":"error","message":"Issue Already Raised for this Token ID","timestamp":"2023-03-26T19:16:22.526Z"}
{"level":"error","message":"Cannot read properties of undefined (reading 'split')","timestamp":"2023-03-27T06:21:43.743Z"}
{"level":"error","message":"Cannot read properties of undefined (reading 'split')","timestamp":"2023-03-27T06:22:14.537Z"}
{"level":"error","message":"Cannot read properties of undefined (reading 'split')","timestamp":"2023-03-27T06:22:25.462Z"}
{"level":"error","message":"Cannot read properties of undefined (reading 'split')","timestamp":"2023-03-27T06:22:57.155Z"}
{"level":"error","message":"Some Error Occurred","timestamp":"2023-03-27T06:24:35.876Z"}
{"level":"error","message":"Some Error Occurred","timestamp":"2023-03-27T06:25:09.769Z"}
{"level":"error","message":"Some Error Occurred","timestamp":"2023-03-27T06:25:57.769Z"}
{"level":"error","message":"Some Error Occurred","timestamp":"2023-03-27T06:26:34.049Z"}
{"level":"error","message":"Some Error Occurred","timestamp":"2023-03-27T06:27:11.721Z"}
{"level":"error","message":"Cannot read properties of undefined (reading 'split')","timestamp":"2023-03-27T06:31:35.137Z"}
{"level":"error","message":"Cannot read properties of undefined (reading 'split')","timestamp":"2023-03-27T06:44:45.222Z"}
{"level":"error","message":"Cannot read properties of undefined (reading 'split')","timestamp":"2023-03-27T06:45:00.051Z"}
{"level":"error","message":"Some Error Occurred","timestamp":"2023-03-27T06:45:59.925Z"}
{"level":"error","message":"Cannot read properties of undefined (reading 'totalAmount')","timestamp":"2023-03-27T14:50:14.845Z"}
{"level":"error","message":"NftTransaction.find(...).sum is not a function","timestamp":"2023-03-27T15:03:17.356Z"}
{"level":"error","message":"Cannot read properties of undefined (reading 'split')","timestamp":"2023-03-28T07:25:58.720Z"}
{"level":"error","message":"Cannot read properties of undefined (reading 'split')","timestamp":"2023-03-28T07:26:58.807Z"}
{"level":"error","message":"Cannot read properties of undefined (reading 'split')","timestamp":"2023-03-28T07:27:24.181Z"}
{"level":"error","message":"Cannot read properties of undefined (reading 'split')","timestamp":"2023-03-28T07:29:08.969Z"}
{"level":"error","message":"Cannot read properties of undefined (reading 'split')","timestamp":"2023-03-28T07:31:47.599Z"}
{"level":"error","message":"Cannot read properties of undefined (reading 'split')","timestamp":"2023-03-28T07:34:36.265Z"}
{"level":"error","message":"page is not defined","timestamp":"2023-03-28T07:38:49.426Z"}
{"level":"error","message":"page is not defined","timestamp":"2023-03-28T07:38:55.293Z"}
